android/app/build/intermediates/manifest_merge_blame_file/release/manifest-merger-blame-release-report.txt
1<?xml version="1.0" encoding="utf-8"?>
2<manifest xmlns:android="http://schemas.android.com/apk/res/android"
3    package="com.sehatapp"
4    android:versionCode="43"
5    android:versionName="3.0.0.9" >
6
7    <uses-sdk
8        android:minSdkVersion="23"
8-->src/main/AndroidManifest.xml
9        android:targetSdkVersion="31" />
9-->src/main/AndroidManifest.xml
10
11    <uses-permission android:name="android.permission.INTERNET" />
11-->src/main/AndroidManifest.xml:4:5-67
11-->src/main/AndroidManifest.xml:4:22-64
12    <uses-permission android:name="android.permission.ACCESS_NETWORK_STATE" />
12-->src/main/AndroidManifest.xml:5:5-79
12-->src/main/AndroidManifest.xml:5:22-76
13    <!-- Needed to communicate with already-paired Bluetooth devices. (Legacy up to Android 11) -->
14    <uses-permission
14-->src/main/AndroidManifest.xml:7:5-9:38
15        android:name="android.permission.BLUETOOTH"
15-->src/main/AndroidManifest.xml:8:9-52
16        android:maxSdkVersion="30" />
16-->src/main/AndroidManifest.xml:9:9-35
17    <uses-permission
17-->src/main/AndroidManifest.xml:10:5-12:38
18        android:name="android.permission.BLUETOOTH_ADMIN"
18-->src/main/AndroidManifest.xml:11:9-58
19        android:maxSdkVersion="30" />
19-->src/main/AndroidManifest.xml:12:9-35
20
21    <!-- Needed to communicate with already-paired Bluetooth devices. (Android 12 upwards) -->
22    <uses-permission android:name="android.permission.BLUETOOTH_CONNECT" />
22-->src/main/AndroidManifest.xml:15:5-76
22-->src/main/AndroidManifest.xml:15:22-73
23    <uses-permission android:name="android.permission.CAMERA" />
23-->src/main/AndroidManifest.xml:16:5-65
23-->src/main/AndroidManifest.xml:16:22-62
24    <uses-permission android:name="android.permission.MODIFY_AUDIO_SETTINGS" />
24-->src/main/AndroidManifest.xml:17:5-80
24-->src/main/AndroidManifest.xml:17:22-77
25    <uses-permission android:name="android.permission.RECORD_AUDIO" />
25-->src/main/AndroidManifest.xml:18:5-71
25-->src/main/AndroidManifest.xml:18:22-68
26    <uses-permission android:name="android.permission.SYSTEM_ALERT_WINDOW" />
26-->src/main/AndroidManifest.xml:19:5-78
26-->src/main/AndroidManifest.xml:19:22-75
27    <uses-permission android:name="android.permission.FOREGROUND_SERVICE" />
27-->src/main/AndroidManifest.xml:20:5-76
27-->src/main/AndroidManifest.xml:20:22-74
28    <uses-permission android:name="android.permission.WAKE_LOCK" />
28-->src/main/AndroidManifest.xml:21:5-68
28-->src/main/AndroidManifest.xml:21:22-65
29    <uses-permission android:name="android.permission.ACCESS_FINE_LOCATION" />
29-->src/main/AndroidManifest.xml:24:1-75
29-->src/main/AndroidManifest.xml:24:18-72
30    <uses-permission android:name="android.permission.ACCESS_COARSE_LOCATION" />
30-->src/main/AndroidManifest.xml:25:5-81
30-->src/main/AndroidManifest.xml:25:22-78
31
32    <queries>
32-->[:react-native-image-crop-picker] AndroidManifest.xml:9:5-13:15
33        <intent>
33-->[:react-native-image-crop-picker] AndroidManifest.xml:10:9-12:18
34            <action android:name="android.media.action.IMAGE_CAPTURE" />
34-->[:react-native-image-crop-picker] AndroidManifest.xml:11:13-73
34-->[:react-native-image-crop-picker] AndroidManifest.xml:11:21-70
35        </intent>
36    </queries>
37
38    <uses-permission android:name="android.permission.WRITE_EXTERNAL_STORAGE" />
38-->[:react-native-image-crop-picker] AndroidManifest.xml:15:5-81
38-->[:react-native-image-crop-picker] AndroidManifest.xml:15:22-78
39    <uses-permission android:name="android.permission.POST_NOTIFICATIONS" /> <!-- Required by older versions of Google Play services to create IID tokens -->
39-->[com.google.firebase:firebase-messaging:23.0.8] AndroidManifest.xml:26:5-77
39-->[com.google.firebase:firebase-messaging:23.0.8] AndroidManifest.xml:26:22-74
40    <uses-permission android:name="com.google.android.c2dm.permission.RECEIVE" /> <!-- for android -->
40-->[com.google.firebase:firebase-messaging:23.0.8] AndroidManifest.xml:29:5-82
40-->[com.google.firebase:firebase-messaging:23.0.8] AndroidManifest.xml:29:22-79
41    <!-- <uses-permission android:name="com.android.launcher.permission.READ_SETTINGS"/> -->
42    <!-- <uses-permission android:name="com.android.launcher.permission.WRITE_SETTINGS"/> -->
43    <!-- <uses-permission android:name="com.android.launcher.permission.INSTALL_SHORTCUT" /> -->
44    <!-- <uses-permission android:name="com.android.launcher.permission.UNINSTALL_SHORTCUT" /> -->
45    <!-- for Samsung -->
46    <uses-permission android:name="com.sec.android.provider.badge.permission.READ" />
46-->[me.leolin:ShortcutBadger:1.1.22] AndroidManifest.xml:19:5-86
46-->[me.leolin:ShortcutBadger:1.1.22] AndroidManifest.xml:19:22-83
47    <uses-permission android:name="com.sec.android.provider.badge.permission.WRITE" /> <!-- for htc -->
47-->[me.leolin:ShortcutBadger:1.1.22] AndroidManifest.xml:20:5-87
47-->[me.leolin:ShortcutBadger:1.1.22] AndroidManifest.xml:20:22-84
48    <uses-permission android:name="com.htc.launcher.permission.READ_SETTINGS" />
48-->[me.leolin:ShortcutBadger:1.1.22] AndroidManifest.xml:23:5-81
48-->[me.leolin:ShortcutBadger:1.1.22] AndroidManifest.xml:23:22-78
49    <uses-permission android:name="com.htc.launcher.permission.UPDATE_SHORTCUT" /> <!-- for sony -->
49-->[me.leolin:ShortcutBadger:1.1.22] AndroidManifest.xml:24:5-83
49-->[me.leolin:ShortcutBadger:1.1.22] AndroidManifest.xml:24:22-80
50    <uses-permission android:name="com.sonyericsson.home.permission.BROADCAST_BADGE" />
50-->[me.leolin:ShortcutBadger:1.1.22] AndroidManifest.xml:27:5-88
50-->[me.leolin:ShortcutBadger:1.1.22] AndroidManifest.xml:27:22-85
51    <uses-permission android:name="com.sonymobile.home.permission.PROVIDER_INSERT_BADGE" /> <!-- for apex -->
51-->[me.leolin:ShortcutBadger:1.1.22] AndroidManifest.xml:28:5-92
51-->[me.leolin:ShortcutBadger:1.1.22] AndroidManifest.xml:28:22-89
52    <uses-permission android:name="com.anddoes.launcher.permission.UPDATE_COUNT" /> <!-- for solid -->
52-->[me.leolin:ShortcutBadger:1.1.22] AndroidManifest.xml:31:5-84
52-->[me.leolin:ShortcutBadger:1.1.22] AndroidManifest.xml:31:22-81
53    <uses-permission android:name="com.majeur.launcher.permission.UPDATE_BADGE" /> <!-- for huawei -->
53-->[me.leolin:ShortcutBadger:1.1.22] AndroidManifest.xml:34:5-83
53-->[me.leolin:ShortcutBadger:1.1.22] AndroidManifest.xml:34:22-80
54    <uses-permission android:name="com.huawei.android.launcher.permission.CHANGE_BADGE" />
54-->[me.leolin:ShortcutBadger:1.1.22] AndroidManifest.xml:37:5-91
54-->[me.leolin:ShortcutBadger:1.1.22] AndroidManifest.xml:37:22-88
55    <uses-permission android:name="com.huawei.android.launcher.permission.READ_SETTINGS" />
55-->[me.leolin:ShortcutBadger:1.1.22] AndroidManifest.xml:38:5-92
55-->[me.leolin:ShortcutBadger:1.1.22] AndroidManifest.xml:38:22-89
56    <uses-permission android:name="com.huawei.android.launcher.permission.WRITE_SETTINGS" /> <!-- for ZUK -->
56-->[me.leolin:ShortcutBadger:1.1.22] AndroidManifest.xml:39:5-93
56-->[me.leolin:ShortcutBadger:1.1.22] AndroidManifest.xml:39:22-90
57    <uses-permission android:name="android.permission.READ_APP_BADGE" /> <!-- for OPPO -->
57-->[me.leolin:ShortcutBadger:1.1.22] AndroidManifest.xml:42:5-73
57-->[me.leolin:ShortcutBadger:1.1.22] AndroidManifest.xml:42:22-70
58    <uses-permission android:name="com.oppo.launcher.permission.READ_SETTINGS" />
58-->[me.leolin:ShortcutBadger:1.1.22] AndroidManifest.xml:45:5-82
58-->[me.leolin:ShortcutBadger:1.1.22] AndroidManifest.xml:45:22-79
59    <uses-permission android:name="com.oppo.launcher.permission.WRITE_SETTINGS" /> <!-- for EvMe -->
59-->[me.leolin:ShortcutBadger:1.1.22] AndroidManifest.xml:46:5-83
59-->[me.leolin:ShortcutBadger:1.1.22] AndroidManifest.xml:46:22-80
60    <uses-permission android:name="me.everything.badger.permission.BADGE_COUNT_READ" />
60-->[me.leolin:ShortcutBadger:1.1.22] AndroidManifest.xml:49:5-88
60-->[me.leolin:ShortcutBadger:1.1.22] AndroidManifest.xml:49:22-85
61    <uses-permission android:name="me.everything.badger.permission.BADGE_COUNT_WRITE" />
61-->[me.leolin:ShortcutBadger:1.1.22] AndroidManifest.xml:50:5-89
61-->[me.leolin:ShortcutBadger:1.1.22] AndroidManifest.xml:50:22-86
62
63    <application
63-->src/main/AndroidManifest.xml:28:5-77:19
64        android:name="com.sehatapp.MainApplication"
64-->src/main/AndroidManifest.xml:29:7-50
65        android:allowBackup="false"
65-->src/main/AndroidManifest.xml:33:7-34
66        android:appComponentFactory="androidx.core.app.CoreComponentFactory"
66-->[androidx.core:core:1.7.0] AndroidManifest.xml:24:18-86
67        android:extractNativeLibs="false"
68        android:icon="@mipmap/ic_launcher"
68-->src/main/AndroidManifest.xml:31:7-41
69        android:label="@string/app_name"
69-->src/main/AndroidManifest.xml:30:7-39
70        android:roundIcon="@mipmap/ic_launcher"
70-->src/main/AndroidManifest.xml:32:7-46
71        android:supportsRtl="true"
71-->src/main/AndroidManifest.xml:34:7-33
72        android:theme="@style/AppTheme" >
72-->src/main/AndroidManifest.xml:35:7-38
73        <activity
73-->src/main/AndroidManifest.xml:36:7-61:18
74            android:name="com.sehatapp.MainActivity"
74-->src/main/AndroidManifest.xml:37:9-49
75            android:configChanges="keyboard|keyboardHidden|orientation|screenSize|uiMode"
75-->src/main/AndroidManifest.xml:39:9-86
76            android:exported="true"
76-->src/main/AndroidManifest.xml:42:9-32
77            android:label="@string/app_name"
77-->src/main/AndroidManifest.xml:38:9-41
78            android:launchMode="singleTask"
78-->src/main/AndroidManifest.xml:40:9-40
79            android:windowSoftInputMode="adjustResize" >
79-->src/main/AndroidManifest.xml:41:9-51
80            <intent-filter>
80-->src/main/AndroidManifest.xml:44:9-47:25
81                <action android:name="android.intent.action.MAIN" />
81-->src/main/AndroidManifest.xml:45:13-65
81-->src/main/AndroidManifest.xml:45:21-62
82
83                <category android:name="android.intent.category.LAUNCHER" />
83-->src/main/AndroidManifest.xml:46:13-73
83-->src/main/AndroidManifest.xml:46:23-70
84            </intent-filter>
85            <intent-filter android:label="@string/app_name" >
85-->src/main/AndroidManifest.xml:50:9-57:25
85-->src/main/AndroidManifest.xml:50:24-56
86                <action android:name="android.intent.action.VIEW" />
86-->src/main/AndroidManifest.xml:51:13-65
86-->src/main/AndroidManifest.xml:51:21-62
87
88                <category android:name="android.intent.category.DEFAULT" />
88-->src/main/AndroidManifest.xml:52:13-72
88-->src/main/AndroidManifest.xml:52:23-69
89                <category android:name="android.intent.category.BROWSABLE" />
89-->src/main/AndroidManifest.xml:53:13-74
89-->src/main/AndroidManifest.xml:53:23-71
90                <!-- Accepts URIs that begin with "example://gizmos” -->
91                <data
91-->src/main/AndroidManifest.xml:55:13-56:45
92                    android:host="deepLink"
92-->src/main/AndroidManifest.xml:56:19-42
93                    android:scheme="app" />
93-->src/main/AndroidManifest.xml:55:19-39
94            </intent-filter>
95        </activity>
96
97        <meta-data
97-->src/main/AndroidManifest.xml:62:8-65:8
98            android:name="live.videosdk.rnfgservice.notification_channel_name"
98-->src/main/AndroidManifest.xml:63:7-73
99            android:value="Meeting Notification" />
99-->src/main/AndroidManifest.xml:64:7-43
100        <meta-data
100-->src/main/AndroidManifest.xml:66:5-69:7
101            android:name="live.videosdk.rnfgservice.notification_channel_description"
101-->src/main/AndroidManifest.xml:67:5-78
102            android:value="Whenever meeting started notification will appear." />
102-->src/main/AndroidManifest.xml:68:5-71
103        <meta-data
103-->src/main/AndroidManifest.xml:70:5-73:7
104            android:name="live.videosdk.rnfgservice.notification_color"
104-->src/main/AndroidManifest.xml:71:5-64
105            android:resource="@color/red" />
105-->src/main/AndroidManifest.xml:72:5-34
106
107        <service
107-->src/main/AndroidManifest.xml:74:5-131
108            android:name="live.videosdk.rnfgservice.ForegroundService"
108-->src/main/AndroidManifest.xml:74:14-72
109            android:foregroundServiceType="mediaProjection" />
109-->src/main/AndroidManifest.xml:74:73-120
110        <service android:name="live.videosdk.rnfgservice.ForegroundServiceTask" />
110-->src/main/AndroidManifest.xml:75:5-87
110-->src/main/AndroidManifest.xml:75:14-76
111
112        <!-- Disable crashlytics by default so we can custom init with CrashlyticsNdk support -->
113        <meta-data
113-->[:react-native-firebase_crashlytics] AndroidManifest.xml:12:9-14:37
114            android:name="firebase_crashlytics_collection_enabled"
114-->[:react-native-firebase_crashlytics] AndroidManifest.xml:13:13-67
115            android:value="false" />
115-->[:react-native-firebase_crashlytics] AndroidManifest.xml:14:13-34
116
117        <provider
117-->[:react-native-firebase_crashlytics] AndroidManifest.xml:16:9-20:38
118            android:name="io.invertase.firebase.crashlytics.ReactNativeFirebaseCrashlyticsInitProvider"
118-->[:react-native-firebase_crashlytics] AndroidManifest.xml:17:13-104
119            android:authorities="com.sehatapp.reactnativefirebasecrashlyticsinitprovider"
119-->[:react-native-firebase_crashlytics] AndroidManifest.xml:18:13-94
120            android:exported="false"
120-->[:react-native-firebase_crashlytics] AndroidManifest.xml:19:13-37
121            android:initOrder="98" />
121-->[:react-native-firebase_crashlytics] AndroidManifest.xml:20:13-35
122
123        <service
123-->[:react-native-firebase_messaging] AndroidManifest.xml:14:9-16:40
124            android:name="io.invertase.firebase.messaging.ReactNativeFirebaseMessagingHeadlessService"
124-->[:react-native-firebase_messaging] AndroidManifest.xml:15:13-103
125            android:exported="false" />
125-->[:react-native-firebase_messaging] AndroidManifest.xml:16:13-37
126        <service
126-->[:react-native-firebase_messaging] AndroidManifest.xml:17:9-23:19
127            android:name="io.invertase.firebase.messaging.ReactNativeFirebaseMessagingService"
127-->[:react-native-firebase_messaging] AndroidManifest.xml:18:13-95
128            android:exported="false" >
128-->[:react-native-firebase_messaging] AndroidManifest.xml:19:13-37
129            <intent-filter>
129-->[:react-native-firebase_messaging] AndroidManifest.xml:20:13-22:29
130                <action android:name="com.google.firebase.MESSAGING_EVENT" />
130-->[:react-native-firebase_messaging] AndroidManifest.xml:21:17-78
130-->[:react-native-firebase_messaging] AndroidManifest.xml:21:25-75
131            </intent-filter>
132        </service>
133
134        <receiver
134-->[:react-native-firebase_messaging] AndroidManifest.xml:25:9-32:20
135            android:name="io.invertase.firebase.messaging.ReactNativeFirebaseMessagingReceiver"
135-->[:react-native-firebase_messaging] AndroidManifest.xml:26:13-96
136            android:exported="true"
136-->[:react-native-firebase_messaging] AndroidManifest.xml:27:13-36
137            android:permission="com.google.android.c2dm.permission.SEND" >
137-->[:react-native-firebase_messaging] AndroidManifest.xml:28:13-73
138            <intent-filter>
138-->[:react-native-firebase_messaging] AndroidManifest.xml:29:13-31:29
139                <action android:name="com.google.android.c2dm.intent.RECEIVE" />
139-->[:react-native-firebase_messaging] AndroidManifest.xml:30:17-81
139-->[:react-native-firebase_messaging] AndroidManifest.xml:30:25-78
140            </intent-filter>
141        </receiver>
142
143        <meta-data
143-->[:react-native-firebase_messaging] AndroidManifest.xml:34:9-36:36
144            android:name="firebase_messaging_auto_init_enabled"
144-->[:react-native-firebase_messaging] AndroidManifest.xml:35:13-64
145            android:value="true" />
145-->[:react-native-firebase_messaging] AndroidManifest.xml:36:13-33
146        <meta-data
146-->[:react-native-firebase_messaging] AndroidManifest.xml:37:9-39:32
147            android:name="com.google.firebase.messaging.default_notification_channel_id"
147-->[:react-native-firebase_messaging] AndroidManifest.xml:38:13-89
148            android:value="" />
148-->[:react-native-firebase_messaging] AndroidManifest.xml:39:13-29
149        <meta-data
149-->[:react-native-firebase_messaging] AndroidManifest.xml:40:9-42:47
150            android:name="com.google.firebase.messaging.default_notification_color"
150-->[:react-native-firebase_messaging] AndroidManifest.xml:41:13-84
151            android:resource="@color/white" />
151-->[:react-native-firebase_messaging] AndroidManifest.xml:42:13-44
152        <meta-data
152-->[:react-native-firebase_app] AndroidManifest.xml:11:9-13:36
153            android:name="app_data_collection_default_enabled"
153-->[:react-native-firebase_app] AndroidManifest.xml:12:13-63
154            android:value="true" />
154-->[:react-native-firebase_app] AndroidManifest.xml:13:13-33
155
156        <service
156-->[:react-native-firebase_app] AndroidManifest.xml:15:9-23:19
157            android:name="com.google.firebase.components.ComponentDiscoveryService"
157-->[:react-native-firebase_app] AndroidManifest.xml:16:13-84
158            android:directBootAware="true"
158-->[:react-native-firebase_app] AndroidManifest.xml:17:13-43
159            android:exported="false" >
159-->[:react-native-firebase_app] AndroidManifest.xml:18:13-37
160            <meta-data
160-->[:react-native-firebase_app] AndroidManifest.xml:20:13-22:85
161                android:name="com.google.firebase.components:io.invertase.firebase.app.ReactNativeFirebaseAppRegistrar"
161-->[:react-native-firebase_app] AndroidManifest.xml:21:17-120
162                android:value="com.google.firebase.components.ComponentRegistrar" />
162-->[:react-native-firebase_app] AndroidManifest.xml:22:17-82
163            <meta-data
163-->[com.google.firebase:firebase-messaging:23.0.8] AndroidManifest.xml:56:13-58:85
164                android:name="com.google.firebase.components:com.google.firebase.messaging.FirebaseMessagingRegistrar"
164-->[com.google.firebase:firebase-messaging:23.0.8] AndroidManifest.xml:57:17-119
165                android:value="com.google.firebase.components.ComponentRegistrar" />
165-->[com.google.firebase:firebase-messaging:23.0.8] AndroidManifest.xml:58:17-82
166            <meta-data
166-->[com.google.firebase:firebase-crashlytics-ndk:18.2.13] AndroidManifest.xml:35:13-37:85
167                android:name="com.google.firebase.components:com.google.firebase.crashlytics.ndk.CrashlyticsNdkRegistrar"
167-->[com.google.firebase:firebase-crashlytics-ndk:18.2.13] AndroidManifest.xml:36:17-122
168                android:value="com.google.firebase.components.ComponentRegistrar" />
168-->[com.google.firebase:firebase-crashlytics-ndk:18.2.13] AndroidManifest.xml:37:17-82
169            <meta-data
169-->[com.google.firebase:firebase-crashlytics:18.2.13] AndroidManifest.xml:18:13-20:85
170                android:name="com.google.firebase.components:com.google.firebase.crashlytics.CrashlyticsRegistrar"
170-->[com.google.firebase:firebase-crashlytics:18.2.13] AndroidManifest.xml:19:17-115
171                android:value="com.google.firebase.components.ComponentRegistrar" />
171-->[com.google.firebase:firebase-crashlytics:18.2.13] AndroidManifest.xml:20:17-82
172            <meta-data
172-->[com.google.firebase:firebase-datatransport:18.1.6] AndroidManifest.xml:28:13-30:85
173                android:name="com.google.firebase.components:com.google.firebase.datatransport.TransportRegistrar"
173-->[com.google.firebase:firebase-datatransport:18.1.6] AndroidManifest.xml:29:17-115
174                android:value="com.google.firebase.components.ComponentRegistrar" />
174-->[com.google.firebase:firebase-datatransport:18.1.6] AndroidManifest.xml:30:17-82
175            <meta-data
175-->[com.google.firebase:firebase-iid:21.1.0] AndroidManifest.xml:32:13-34:85
176                android:name="com.google.firebase.components:com.google.firebase.iid.Registrar"
176-->[com.google.firebase:firebase-iid:21.1.0] AndroidManifest.xml:33:17-96
177                android:value="com.google.firebase.components.ComponentRegistrar" />
177-->[com.google.firebase:firebase-iid:21.1.0] AndroidManifest.xml:34:17-82
178            <meta-data
178-->[com.google.firebase:firebase-installations:17.0.3] AndroidManifest.xml:18:13-20:85
179                android:name="com.google.firebase.components:com.google.firebase.installations.FirebaseInstallationsRegistrar"
179-->[com.google.firebase:firebase-installations:17.0.3] AndroidManifest.xml:19:17-127
180                android:value="com.google.firebase.components.ComponentRegistrar" />
180-->[com.google.firebase:firebase-installations:17.0.3] AndroidManifest.xml:20:17-82
181        </service>
182
183        <provider
183-->[:react-native-firebase_app] AndroidManifest.xml:25:9-29:38
184            android:name="io.invertase.firebase.app.ReactNativeFirebaseAppInitProvider"
184-->[:react-native-firebase_app] AndroidManifest.xml:26:13-88
185            android:authorities="com.sehatapp.reactnativefirebaseappinitprovider"
185-->[:react-native-firebase_app] AndroidManifest.xml:27:13-86
186            android:exported="false"
186-->[:react-native-firebase_app] AndroidManifest.xml:28:13-37
187            android:initOrder="99" />
187-->[:react-native-firebase_app] AndroidManifest.xml:29:13-35
188        <provider
188-->[:react-native-image-crop-picker] AndroidManifest.xml:18:9-26:20
189            android:name="com.reactnative.ivpusic.imagepicker.IvpusicImagePickerFileProvider"
189-->[:react-native-image-crop-picker] AndroidManifest.xml:19:13-94
190            android:authorities="com.sehatapp.provider"
190-->[:react-native-image-crop-picker] AndroidManifest.xml:20:13-60
191            android:exported="false"
191-->[:react-native-image-crop-picker] AndroidManifest.xml:21:13-37
192            android:grantUriPermissions="true" >
192-->[:react-native-image-crop-picker] AndroidManifest.xml:22:13-47
193            <meta-data
193-->[:react-native-image-crop-picker] AndroidManifest.xml:23:13-25:78
194                android:name="android.support.FILE_PROVIDER_PATHS"
194-->[:react-native-image-crop-picker] AndroidManifest.xml:24:17-67
195                android:resource="@xml/ivpusic_imagepicker_provider_paths" />
195-->[:react-native-image-crop-picker] AndroidManifest.xml:25:17-75
196        </provider>
197
198        <activity
198-->[:react-native-image-crop-picker] AndroidManifest.xml:28:9-30:72
199            android:name="com.yalantis.ucrop.UCropActivity"
199-->[:react-native-image-crop-picker] AndroidManifest.xml:29:13-60
200            android:theme="@style/Theme.AppCompat.Light.NoActionBar" />
200-->[:react-native-image-crop-picker] AndroidManifest.xml:30:13-69
201
202        <receiver
202-->[com.google.firebase:firebase-messaging:23.0.8] AndroidManifest.xml:32:9-39:20
203            android:name="com.google.firebase.iid.FirebaseInstanceIdReceiver"
203-->[com.google.firebase:firebase-messaging:23.0.8] AndroidManifest.xml:33:13-78
204            android:exported="true"
204-->[com.google.firebase:firebase-messaging:23.0.8] AndroidManifest.xml:34:13-36
205            android:permission="com.google.android.c2dm.permission.SEND" >
205-->[com.google.firebase:firebase-messaging:23.0.8] AndroidManifest.xml:35:13-73
206            <intent-filter>
206-->[:react-native-firebase_messaging] AndroidManifest.xml:29:13-31:29
207                <action android:name="com.google.android.c2dm.intent.RECEIVE" />
207-->[:react-native-firebase_messaging] AndroidManifest.xml:30:17-81
207-->[:react-native-firebase_messaging] AndroidManifest.xml:30:25-78
208            </intent-filter>
209        </receiver>
210        <!--
211             FirebaseMessagingService performs security checks at runtime,
212             but set to not exported to explicitly avoid allowing another app to call it.
213        -->
214        <service
214-->[com.google.firebase:firebase-messaging:23.0.8] AndroidManifest.xml:45:9-52:19
215            android:name="com.google.firebase.messaging.FirebaseMessagingService"
215-->[com.google.firebase:firebase-messaging:23.0.8] AndroidManifest.xml:46:13-82
216            android:directBootAware="true"
216-->[com.google.firebase:firebase-messaging:23.0.8] AndroidManifest.xml:47:13-43
217            android:exported="false" >
217-->[com.google.firebase:firebase-messaging:23.0.8] AndroidManifest.xml:48:13-37
218            <intent-filter android:priority="-500" >
218-->[:react-native-firebase_messaging] AndroidManifest.xml:20:13-22:29
219                <action android:name="com.google.firebase.MESSAGING_EVENT" />
219-->[:react-native-firebase_messaging] AndroidManifest.xml:21:17-78
219-->[:react-native-firebase_messaging] AndroidManifest.xml:21:25-75
220            </intent-filter>
221        </service>
222        <service
222-->[com.google.android.datatransport:transport-backend-cct:3.1.7] AndroidManifest.xml:29:9-35:19
223            android:name="com.google.android.datatransport.runtime.backends.TransportBackendDiscovery"
223-->[com.google.android.datatransport:transport-backend-cct:3.1.7] AndroidManifest.xml:30:13-103
224            android:exported="false" >
224-->[com.google.android.datatransport:transport-backend-cct:3.1.7] AndroidManifest.xml:31:13-37
225            <meta-data
225-->[com.google.android.datatransport:transport-backend-cct:3.1.7] AndroidManifest.xml:32:13-34:39
226                android:name="backend:com.google.android.datatransport.cct.CctBackendFactory"
226-->[com.google.android.datatransport:transport-backend-cct:3.1.7] AndroidManifest.xml:33:17-94
227                android:value="cct" />
227-->[com.google.android.datatransport:transport-backend-cct:3.1.7] AndroidManifest.xml:34:17-36
228        </service>
229        <service
229-->[com.google.android.datatransport:transport-runtime:3.1.7] AndroidManifest.xml:26:9-30:19
230            android:name="com.google.android.datatransport.runtime.scheduling.jobscheduling.JobInfoSchedulerService"
230-->[com.google.android.datatransport:transport-runtime:3.1.7] AndroidManifest.xml:27:13-117
231            android:exported="false"
231-->[com.google.android.datatransport:transport-runtime:3.1.7] AndroidManifest.xml:28:13-37
232            android:permission="android.permission.BIND_JOB_SERVICE" >
232-->[com.google.android.datatransport:transport-runtime:3.1.7] AndroidManifest.xml:29:13-69
233        </service>
234
235        <receiver
235-->[com.google.android.datatransport:transport-runtime:3.1.7] AndroidManifest.xml:32:9-34:40
236            android:name="com.google.android.datatransport.runtime.scheduling.jobscheduling.AlarmManagerSchedulerBroadcastReceiver"
236-->[com.google.android.datatransport:transport-runtime:3.1.7] AndroidManifest.xml:33:13-132
237            android:exported="false" />
237-->[com.google.android.datatransport:transport-runtime:3.1.7] AndroidManifest.xml:34:13-37
238
239        <activity
239-->[com.google.android.gms:play-services-auth:20.3.0] AndroidManifest.xml:23:9-27:75
240            android:name="com.google.android.gms.auth.api.signin.internal.SignInHubActivity"
240-->[com.google.android.gms:play-services-auth:20.3.0] AndroidManifest.xml:24:13-93
241            android:excludeFromRecents="true"
241-->[com.google.android.gms:play-services-auth:20.3.0] AndroidManifest.xml:25:13-46
242            android:exported="false"
242-->[com.google.android.gms:play-services-auth:20.3.0] AndroidManifest.xml:26:13-37
243            android:theme="@android:style/Theme.Translucent.NoTitleBar" />
243-->[com.google.android.gms:play-services-auth:20.3.0] AndroidManifest.xml:27:13-72
244        <!--
245            Service handling Google Sign-In user revocation. For apps that do not integrate with
246            Google Sign-In, this service will never be started.
247        -->
248        <service
248-->[com.google.android.gms:play-services-auth:20.3.0] AndroidManifest.xml:33:9-37:51
249            android:name="com.google.android.gms.auth.api.signin.RevocationBoundService"
249-->[com.google.android.gms:play-services-auth:20.3.0] AndroidManifest.xml:34:13-89
250            android:exported="true"
250-->[com.google.android.gms:play-services-auth:20.3.0] AndroidManifest.xml:35:13-36
251            android:permission="com.google.android.gms.auth.api.signin.permission.REVOCATION_NOTIFICATION"
251-->[com.google.android.gms:play-services-auth:20.3.0] AndroidManifest.xml:36:13-107
252            android:visibleToInstantApps="true" />
252-->[com.google.android.gms:play-services-auth:20.3.0] AndroidManifest.xml:37:13-48
253
254        <activity
254-->[com.google.android.gms:play-services-base:18.0.1] AndroidManifest.xml:20:9-22:45
255            android:name="com.google.android.gms.common.api.GoogleApiActivity"
255-->[com.google.android.gms:play-services-base:18.0.1] AndroidManifest.xml:20:19-85
256            android:exported="false"
256-->[com.google.android.gms:play-services-base:18.0.1] AndroidManifest.xml:22:19-43
257            android:theme="@android:style/Theme.Translucent.NoTitleBar" />
257-->[com.google.android.gms:play-services-base:18.0.1] AndroidManifest.xml:21:19-78
258
259        <provider
259-->[com.google.firebase:firebase-common:20.1.2] AndroidManifest.xml:26:9-31:39
260            android:name="com.google.firebase.provider.FirebaseInitProvider"
260-->[com.google.firebase:firebase-common:20.1.2] AndroidManifest.xml:27:13-77
261            android:authorities="com.sehatapp.firebaseinitprovider"
261-->[com.google.firebase:firebase-common:20.1.2] AndroidManifest.xml:28:13-72
262            android:directBootAware="true"
262-->[com.google.firebase:firebase-common:20.1.2] AndroidManifest.xml:29:13-43
263            android:exported="false"